{"/Users/ishit_singh/Desktop/mapFilterReduce/evenElementsFinder.js": {"path":"/Users/ishit_singh/Desktop/mapFilterReduce/evenElementsFinder.js","statementMap":{"0":{"start":{"line":1,"column":26},"end":{"line":5,"column":1}},"1":{"start":{"line":2,"column":4},"end":{"line":4,"column":6}},"2":{"start":{"line":3,"column":8},"end":{"line":3,"column":40}},"3":{"start":{"line":6,"column":14},"end":{"line":15,"column":1}},"4":{"start":{"line":7,"column":4},"end":{"line":9,"column":5}},"5":{"start":{"line":8,"column":8},"end":{"line":8,"column":30}},"6":{"start":{"line":10,"column":4},"end":{"line":12,"column":5}},"7":{"start":{"line":11,"column":8},"end":{"line":11,"column":30}},"8":{"start":{"line":13,"column":4},"end":{"line":13,"column":36}},"9":{"start":{"line":13,"column":29},"end":{"line":13,"column":34}},"10":{"start":{"line":14,"column":4},"end":{"line":14,"column":41}},"11":{"start":{"line":14,"column":31},"end":{"line":14,"column":39}},"12":{"start":{"line":16,"column":25},"end":{"line":30,"column":1}},"13":{"start":{"line":17,"column":4},"end":{"line":19,"column":5}},"14":{"start":{"line":18,"column":8},"end":{"line":18,"column":30}},"15":{"start":{"line":20,"column":4},"end":{"line":22,"column":5}},"16":{"start":{"line":21,"column":8},"end":{"line":21,"column":30}},"17":{"start":{"line":23,"column":27},"end":{"line":28,"column":9}},"18":{"start":{"line":24,"column":8},"end":{"line":26,"column":9}},"19":{"start":{"line":25,"column":12},"end":{"line":25,"column":39}},"20":{"start":{"line":27,"column":8},"end":{"line":27,"column":27}},"21":{"start":{"line":29,"column":4},"end":{"line":29,"column":28}},"22":{"start":{"line":31,"column":0},"end":{"line":31,"column":52}},"23":{"start":{"line":32,"column":0},"end":{"line":35,"column":1}}},"fnMap":{"0":{"name":"(anonymous_0)","decl":{"start":{"line":1,"column":26},"end":{"line":1,"column":27}},"loc":{"start":{"line":1,"column":35},"end":{"line":5,"column":1}},"line":1},"1":{"name":"(anonymous_1)","decl":{"start":{"line":2,"column":23},"end":{"line":2,"column":24}},"loc":{"start":{"line":2,"column":34},"end":{"line":4,"column":5}},"line":2},"2":{"name":"(anonymous_2)","decl":{"start":{"line":6,"column":14},"end":{"line":6,"column":15}},"loc":{"start":{"line":6,"column":25},"end":{"line":15,"column":1}},"line":6},"3":{"name":"(anonymous_3)","decl":{"start":{"line":13,"column":24},"end":{"line":13,"column":25}},"loc":{"start":{"line":13,"column":29},"end":{"line":13,"column":34}},"line":13},"4":{"name":"(anonymous_4)","decl":{"start":{"line":14,"column":26},"end":{"line":14,"column":27}},"loc":{"start":{"line":14,"column":31},"end":{"line":14,"column":39}},"line":14},"5":{"name":"(anonymous_5)","decl":{"start":{"line":16,"column":25},"end":{"line":16,"column":26}},"loc":{"start":{"line":16,"column":36},"end":{"line":30,"column":1}},"line":16},"6":{"name":"(anonymous_6)","decl":{"start":{"line":23,"column":42},"end":{"line":23,"column":43}},"loc":{"start":{"line":23,"column":64},"end":{"line":28,"column":5}},"line":23}},"branchMap":{"0":{"loc":{"start":{"line":7,"column":4},"end":{"line":9,"column":5}},"type":"if","locations":[{"start":{"line":7,"column":4},"end":{"line":9,"column":5}},{"start":{},"end":{}}],"line":7},"1":{"loc":{"start":{"line":10,"column":4},"end":{"line":12,"column":5}},"type":"if","locations":[{"start":{"line":10,"column":4},"end":{"line":12,"column":5}},{"start":{},"end":{}}],"line":10},"2":{"loc":{"start":{"line":17,"column":4},"end":{"line":19,"column":5}},"type":"if","locations":[{"start":{"line":17,"column":4},"end":{"line":19,"column":5}},{"start":{},"end":{}}],"line":17},"3":{"loc":{"start":{"line":20,"column":4},"end":{"line":22,"column":5}},"type":"if","locations":[{"start":{"line":20,"column":4},"end":{"line":22,"column":5}},{"start":{},"end":{}}],"line":20},"4":{"loc":{"start":{"line":24,"column":8},"end":{"line":26,"column":9}},"type":"if","locations":[{"start":{"line":24,"column":8},"end":{"line":26,"column":9}},{"start":{},"end":{}}],"line":24}},"s":{"0":1,"1":5,"2":37,"3":1,"4":4,"5":2,"6":2,"7":1,"8":1,"9":9,"10":1,"11":9,"12":1,"13":5,"14":2,"15":3,"16":1,"17":2,"18":18,"19":8,"20":18,"21":2,"22":1,"23":1},"f":{"0":5,"1":37,"2":4,"3":9,"4":9,"5":5,"6":18},"b":{"0":[2,2],"1":[1,1],"2":[2,3],"3":[1,2],"4":[8,10]},"_coverageSchema":"1a1c01bbd47fc00a2c39e90264f33305004495a9","hash":"964a8e5efff1ca3edf3f87d4870520a2ad711d67"}
}
