TN:
SF:evenElementsFinder.js
FN:1,(anonymous_0)
FN:2,(anonymous_1)
FN:6,(anonymous_2)
FN:13,(anonymous_3)
FN:14,(anonymous_4)
FN:16,(anonymous_5)
FN:23,(anonymous_6)
FNF:7
FNH:7
FNDA:5,(anonymous_0)
FNDA:37,(anonymous_1)
FNDA:4,(anonymous_2)
FNDA:9,(anonymous_3)
FNDA:9,(anonymous_4)
FNDA:5,(anonymous_5)
FNDA:18,(anonymous_6)
DA:1,1
DA:2,5
DA:3,37
DA:6,1
DA:7,4
DA:8,2
DA:10,2
DA:11,1
DA:13,9
DA:14,9
DA:16,1
DA:17,5
DA:18,2
DA:20,3
DA:21,1
DA:23,2
DA:24,18
DA:25,8
DA:27,18
DA:29,2
DA:31,1
DA:32,1
LF:22
LH:22
BRDA:7,0,0,2
BRDA:7,0,1,2
BRDA:10,1,0,1
BRDA:10,1,1,1
BRDA:17,2,0,2
BRDA:17,2,1,3
BRDA:20,3,0,1
BRDA:20,3,1,2
BRDA:24,4,0,8
BRDA:24,4,1,10
BRF:10
BRH:10
end_of_record
